[debug] [2018-09-08T04:58:10.910Z] ----------------------------------------------------------------------
[debug] [2018-09-08T04:58:10.912Z] Command:       /usr/local/Cellar/node/9.11.1/bin/node /Users/Odelia/.npm-packages/bin/firebase deploy
[debug] [2018-09-08T04:58:10.912Z] CLI Version:   4.2.1
[debug] [2018-09-08T04:58:10.913Z] Platform:      darwin
[debug] [2018-09-08T04:58:10.913Z] Node Version:  v9.11.1
[debug] [2018-09-08T04:58:10.913Z] Time:          Fri Sep 07 2018 21:58:10 GMT-0700 (PDT)
[debug] [2018-09-08T04:58:10.913Z] ----------------------------------------------------------------------
[debug] 
[debug] [2018-09-08T04:58:10.927Z] > command requires scopes: ["email","openid","https://www.googleapis.com/auth/cloudplatformprojects.readonly","https://www.googleapis.com/auth/firebase","https://www.googleapis.com/auth/cloud-platform"]
[debug] [2018-09-08T04:58:10.927Z] > authorizing via signed-in user
[debug] [2018-09-08T04:58:10.929Z] > refreshing access token with scopes: ["email","https://www.googleapis.com/auth/cloud-platform","https://www.googleapis.com/auth/cloudplatformprojects.readonly","https://www.googleapis.com/auth/firebase","openid"]
[debug] [2018-09-08T04:58:10.929Z] >>> HTTP REQUEST POST https://www.googleapis.com/oauth2/v3/token  

[debug] [2018-09-08T04:58:11.189Z] <<< HTTP RESPONSE 200
[debug] [2018-09-08T04:58:11.212Z] >>> HTTP REQUEST GET https://admin.firebase.com/v1/projects/game-of-life23  
 
[debug] [2018-09-08T04:58:11.582Z] <<< HTTP RESPONSE 200
[info] 
[info] === Deploying to 'game-of-life23'...
[info] 
[info] i  deploying database, hosting
[info] i  database: checking rules syntax...
[debug] [2018-09-08T04:58:11.594Z] >>> HTTP REQUEST PUT https://game-of-life23.firebaseio.com/.settings/rules.json?dryRun=true  
 {
  "rules": {
    ".read": "auth != null",
    ".write": "auth != null"
  }
}
[debug] [2018-09-08T04:58:12.576Z] <<< HTTP RESPONSE 200
[info] ✔  database: rules syntax for database game-of-life23 is valid
[debug] [2018-09-08T04:58:12.579Z] >>> HTTP REQUEST POST https://firebasehosting.googleapis.com/v1beta1/sites/game-of-life23/versions  

[debug] [2018-09-08T04:58:14.112Z] <<< HTTP RESPONSE 200
[info] i  hosting[game-of-life23]: beginning deploy...
[info] i  hosting[game-of-life23]: found 111246 files in /
[debug] [2018-09-08T04:58:56.943Z] [hosting] hash cache [] not populated
[debug] [2018-09-08T04:58:58.267Z] >>> HTTP REQUEST POST https://firebasehosting.googleapis.com/v1beta1/sites/game-of-life23/versions/14a8cbcc108e9523:populateFiles  
 <request body omitted>
[debug] [2018-09-08T04:58:59.523Z] >>> HTTP REQUEST POST https://firebasehosting.googleapis.com/v1beta1/sites/game-of-life23/versions/14a8cbcc108e9523:populateFiles  
 <request body omitted>
[debug] [2018-09-08T04:59:01.009Z] >>> HTTP REQUEST POST https://firebasehosting.googleapis.com/v1beta1/sites/game-of-life23/versions/14a8cbcc108e9523:populateFiles  
 <request body omitted>
[debug] [2018-09-08T04:59:02.115Z] >>> HTTP REQUEST POST https://firebasehosting.googleapis.com/v1beta1/sites/game-of-life23/versions/14a8cbcc108e9523:populateFiles  
 <request body omitted>
[debug] [2018-09-08T04:59:02.177Z] <<< HTTP RESPONSE 200
[debug] [2018-09-08T04:59:03.348Z] <<< HTTP RESPONSE 200
[debug] [2018-09-08T04:59:04.739Z] >>> HTTP REQUEST POST https://firebasehosting.googleapis.com/v1beta1/sites/game-of-life23/versions/14a8cbcc108e9523:populateFiles  
 <request body omitted>
[debug] [2018-09-08T04:59:04.818Z] [hosting][upload]
[debug] [2018-09-08T04:59:05.230Z] [hosting][upload]
[debug] [2018-09-08T04:59:05.554Z] <<< HTTP RESPONSE 200
[debug] [2018-09-08T04:59:06.391Z] <<< HTTP RESPONSE 200
[debug] [2018-09-08T04:59:06.394Z] [hosting][upload]
[debug] [2018-09-08T04:59:07.084Z] >>> HTTP REQUEST POST https://firebasehosting.googleapis.com/v1beta1/sites/game-of-life23/versions/14a8cbcc108e9523:populateFiles  
 <request body omitted>
[debug] [2018-09-08T04:59:07.752Z] [hosting][upload]
[debug] [2018-09-08T04:59:08.057Z] <<< HTTP RESPONSE 200
[debug] [2018-09-08T04:59:08.472Z] [hosting][upload]
[debug] [2018-09-08T04:59:09.684Z] [hosting][upload]
[debug] [2018-09-08T04:59:09.972Z] >>> HTTP REQUEST POST https://firebasehosting.googleapis.com/v1beta1/sites/game-of-life23/versions/14a8cbcc108e9523:populateFiles  
 <request body omitted>
[debug] [2018-09-08T04:59:10.416Z] [hosting][upload]
[debug] [2018-09-08T04:59:11.295Z] <<< HTTP RESPONSE 200
[debug] [2018-09-08T04:59:11.530Z] [hosting][upload]
[debug] [2018-09-08T04:59:12.179Z] <<< HTTP RESPONSE 200
[debug] [2018-09-08T04:59:12.279Z] [hosting][upload]
[debug] [2018-09-08T04:59:12.335Z] >>> HTTP REQUEST POST https://firebasehosting.googleapis.com/v1beta1/sites/game-of-life23/versions/14a8cbcc108e9523:populateFiles  
 <request body omitted>
[debug] [2018-09-08T04:59:13.148Z] [hosting][upload]
[debug] [2018-09-08T04:59:13.931Z] [hosting][upload]
[debug] [2018-09-08T04:59:14.684Z] [hosting][upload]
[debug] [2018-09-08T04:59:14.901Z] <<< HTTP RESPONSE 200
[debug] [2018-09-08T04:59:15.379Z] >>> HTTP REQUEST POST https://firebasehosting.googleapis.com/v1beta1/sites/game-of-life23/versions/14a8cbcc108e9523:populateFiles  
 <request body omitted>
[debug] [2018-09-08T04:59:15.478Z] [hosting][upload]
[debug] [2018-09-08T04:59:16.219Z] [hosting][upload]
[debug] [2018-09-08T04:59:17.085Z] [hosting][upload]
[debug] [2018-09-08T04:59:17.799Z] [hosting][upload]
[debug] [2018-09-08T04:59:18.043Z] <<< HTTP RESPONSE 200
[debug] [2018-09-08T04:59:18.551Z] [hosting][upload]
[debug] [2018-09-08T04:59:19.035Z] >>> HTTP REQUEST POST https://firebasehosting.googleapis.com/v1beta1/sites/game-of-life23/versions/14a8cbcc108e9523:populateFiles  
 <request body omitted>
[debug] [2018-09-08T04:59:19.336Z] [hosting][upload]
[debug] [2018-09-08T04:59:19.998Z] [hosting][upload]
[debug] [2018-09-08T04:59:20.634Z] <<< HTTP RESPONSE 200
[debug] [2018-09-08T04:59:20.769Z] [hosting][upload]
[debug] [2018-09-08T04:59:21.475Z] [hosting][upload]
[debug] [2018-09-08T04:59:21.989Z] >>> HTTP REQUEST POST https://firebasehosting.googleapis.com/v1beta1/sites/game-of-life23/versions/14a8cbcc108e9523:populateFiles  
 <request body omitted>
[debug] [2018-09-08T04:59:22.213Z] [hosting][upload]
[debug] [2018-09-08T04:59:22.867Z] [hosting][upload]
[debug] [2018-09-08T04:59:23.698Z] [hosting][upload]
[debug] [2018-09-08T04:59:24.241Z] <<< HTTP RESPONSE 200
[debug] [2018-09-08T04:59:24.378Z] [hosting][upload]
[debug] [2018-09-08T04:59:24.865Z] >>> HTTP REQUEST POST https://firebasehosting.googleapis.com/v1beta1/sites/game-of-life23/versions/14a8cbcc108e9523:populateFiles  
 <request body omitted>
[debug] [2018-09-08T04:59:25.088Z] [hosting][upload]
[debug] [2018-09-08T04:59:25.852Z] [hosting][upload]
[debug] [2018-09-08T04:59:26.596Z] [hosting][upload]
[debug] [2018-09-08T04:59:27.273Z] <<< HTTP RESPONSE 200
[debug] [2018-09-08T04:59:27.274Z] [hosting][upload]
[debug] [2018-09-08T04:59:27.956Z] [hosting][upload]
[debug] [2018-09-08T04:59:28.256Z] >>> HTTP REQUEST POST https://firebasehosting.googleapis.com/v1beta1/sites/game-of-life23/versions/14a8cbcc108e9523:populateFiles  
 <request body omitted>
[debug] [2018-09-08T04:59:28.636Z] [hosting][upload]
[debug] [2018-09-08T04:59:29.271Z] [hosting][upload]
[debug] [2018-09-08T04:59:29.997Z] [hosting][upload]
[debug] [2018-09-08T04:59:30.230Z] <<< HTTP RESPONSE 200
[debug] [2018-09-08T04:59:30.653Z] [hosting][upload]
[debug] [2018-09-08T04:59:31.422Z] >>> HTTP REQUEST POST https://firebasehosting.googleapis.com/v1beta1/sites/game-of-life23/versions/14a8cbcc108e9523:populateFiles  
 <request body omitted>
[debug] [2018-09-08T04:59:31.440Z] [hosting][upload]
[debug] [2018-09-08T04:59:31.960Z] [hosting][upload]
[debug] [2018-09-08T04:59:32.867Z] [hosting][upload]
[debug] [2018-09-08T04:59:33.399Z] [hosting][upload]
[debug] [2018-09-08T04:59:33.455Z] <<< HTTP RESPONSE 200
[debug] [2018-09-08T04:59:34.098Z] [hosting][upload]
[debug] [2018-09-08T04:59:34.753Z] [hosting][upload]
[debug] [2018-09-08T04:59:34.994Z] >>> HTTP REQUEST POST https://firebasehosting.googleapis.com/v1beta1/sites/game-of-life23/versions/14a8cbcc108e9523:populateFiles  
 <request body omitted>
[debug] [2018-09-08T04:59:35.427Z] [hosting][upload]
[debug] [2018-09-08T04:59:36.114Z] [hosting][upload]
[debug] [2018-09-08T04:59:36.703Z] [hosting][upload]
[debug] [2018-09-08T04:59:36.918Z] <<< HTTP RESPONSE 200
[debug] [2018-09-08T04:59:37.514Z] [hosting][upload]
[debug] [2018-09-08T04:59:38.206Z] [hosting][upload]
[debug] [2018-09-08T04:59:38.264Z] >>> HTTP REQUEST POST https://firebasehosting.googleapis.com/v1beta1/sites/game-of-life23/versions/14a8cbcc108e9523:populateFiles  
 <request body omitted>
[debug] [2018-09-08T04:59:38.853Z] [hosting][upload]
[debug] [2018-09-08T04:59:39.580Z] [hosting][upload]
[debug] [2018-09-08T04:59:40.103Z] <<< HTTP RESPONSE 200
[debug] [2018-09-08T04:59:40.351Z] [hosting][upload]
[debug] [2018-09-08T04:59:40.873Z] [hosting][upload]
[debug] [2018-09-08T04:59:41.628Z] [hosting][upload]
[debug] [2018-09-08T04:59:41.869Z] >>> HTTP REQUEST POST https://firebasehosting.googleapis.com/v1beta1/sites/game-of-life23/versions/14a8cbcc108e9523:populateFiles  
 <request body omitted>
[debug] [2018-09-08T04:59:42.411Z] [hosting][upload]
[debug] [2018-09-08T04:59:42.948Z] [hosting][upload]
[debug] [2018-09-08T04:59:43.832Z] [hosting][upload]
[debug] [2018-09-08T04:59:43.996Z] <<< HTTP RESPONSE 200
[debug] [2018-09-08T04:59:44.363Z] [hosting][upload]
[debug] [2018-09-08T04:59:45.106Z] >>> HTTP REQUEST POST https://firebasehosting.googleapis.com/v1beta1/sites/game-of-life23/versions/14a8cbcc108e9523:populateFiles  
 <request body omitted>
[debug] [2018-09-08T04:59:45.144Z] [hosting][upload]
[debug] [2018-09-08T04:59:45.758Z] [hosting][upload]
[debug] [2018-09-08T04:59:46.590Z] [hosting][upload]
[debug] [2018-09-08T04:59:46.987Z] <<< HTTP RESPONSE 200
[debug] [2018-09-08T04:59:47.208Z] [hosting][upload]
[debug] [2018-09-08T04:59:47.907Z] [hosting][upload]
[debug] [2018-09-08T04:59:47.953Z] >>> HTTP REQUEST POST https://firebasehosting.googleapis.com/v1beta1/sites/game-of-life23/versions/14a8cbcc108e9523:populateFiles  
 <request body omitted>
[debug] [2018-09-08T04:59:48.559Z] [hosting][upload]
[debug] [2018-09-08T04:59:49.230Z] [hosting][upload]
[debug] [2018-09-08T04:59:49.363Z] <<< HTTP RESPONSE 200
[debug] [2018-09-08T04:59:49.997Z] [hosting][upload]
[debug] [2018-09-08T04:59:50.498Z] [hosting][upload]
[debug] [2018-09-08T04:59:50.898Z] >>> HTTP REQUEST POST https://firebasehosting.googleapis.com/v1beta1/sites/game-of-life23/versions/14a8cbcc108e9523:populateFiles  
 <request body omitted>
[debug] [2018-09-08T04:59:51.429Z] [hosting][upload]
[debug] [2018-09-08T04:59:51.905Z] [hosting][upload]
[debug] [2018-09-08T04:59:52.232Z] <<< HTTP RESPONSE 200
[debug] [2018-09-08T04:59:53.208Z] >>> HTTP REQUEST POST https://firebasehosting.googleapis.com/v1beta1/sites/game-of-life23/versions/14a8cbcc108e9523:populateFiles  
 <request body omitted>
[debug] [2018-09-08T04:59:54.520Z] >>> HTTP REQUEST POST https://firebasehosting.googleapis.com/v1beta1/sites/game-of-life23/versions/14a8cbcc108e9523:populateFiles  
 <request body omitted>
[debug] [2018-09-08T04:59:55.092Z] <<< HTTP RESPONSE 200
[debug] [2018-09-08T04:59:55.773Z] >>> HTTP REQUEST POST https://firebasehosting.googleapis.com/v1beta1/sites/game-of-life23/versions/14a8cbcc108e9523:populateFiles  
 <request body omitted>
[debug] [2018-09-08T04:59:55.855Z] <<< HTTP RESPONSE 200
[debug] [2018-09-08T04:59:57.177Z] <<< HTTP RESPONSE 200
[debug] [2018-09-08T04:59:57.213Z] >>> HTTP REQUEST POST https://firebasehosting.googleapis.com/v1beta1/sites/game-of-life23/versions/14a8cbcc108e9523:populateFiles  
 <request body omitted>
[debug] [2018-09-08T04:59:58.318Z] >>> HTTP REQUEST POST https://firebasehosting.googleapis.com/v1beta1/sites/game-of-life23/versions/14a8cbcc108e9523:populateFiles  
 <request body omitted>
[debug] [2018-09-08T04:59:58.726Z] <<< HTTP RESPONSE 200
[debug] [2018-09-08T04:59:59.518Z] >>> HTTP REQUEST POST https://firebasehosting.googleapis.com/v1beta1/sites/game-of-life23/versions/14a8cbcc108e9523:populateFiles  
 <request body omitted>
[debug] [2018-09-08T04:59:59.774Z] <<< HTTP RESPONSE 200
[debug] [2018-09-08T05:00:00.637Z] >>> HTTP REQUEST POST https://firebasehosting.googleapis.com/v1beta1/sites/game-of-life23/versions/14a8cbcc108e9523:populateFiles  
 <request body omitted>
[debug] [2018-09-08T05:00:00.938Z] <<< HTTP RESPONSE 200
[debug] [2018-09-08T05:00:01.818Z] >>> HTTP REQUEST POST https://firebasehosting.googleapis.com/v1beta1/sites/game-of-life23/versions/14a8cbcc108e9523:populateFiles  
 <request body omitted>
[debug] [2018-09-08T05:00:01.921Z] <<< HTTP RESPONSE 200
[debug] [2018-09-08T05:00:02.964Z] >>> HTTP REQUEST POST https://firebasehosting.googleapis.com/v1beta1/sites/game-of-life23/versions/14a8cbcc108e9523:populateFiles  
 <request body omitted>
[debug] [2018-09-08T05:00:03.342Z] <<< HTTP RESPONSE 200
[debug] [2018-09-08T05:00:04.035Z] <<< HTTP RESPONSE 200
[debug] [2018-09-08T05:00:04.270Z] >>> HTTP REQUEST POST https://firebasehosting.googleapis.com/v1beta1/sites/game-of-life23/versions/14a8cbcc108e9523:populateFiles  
 <request body omitted>
[debug] [2018-09-08T05:00:05.329Z] >>> HTTP REQUEST POST https://firebasehosting.googleapis.com/v1beta1/sites/game-of-life23/versions/14a8cbcc108e9523:populateFiles  
 <request body omitted>
[debug] [2018-09-08T05:00:05.480Z] <<< HTTP RESPONSE 200
[debug] [2018-09-08T05:00:06.566Z] <<< HTTP RESPONSE 200
[debug] [2018-09-08T05:00:06.704Z] >>> HTTP REQUEST POST https://firebasehosting.googleapis.com/v1beta1/sites/game-of-life23/versions/14a8cbcc108e9523:populateFiles  
 <request body omitted>
[debug] [2018-09-08T05:00:07.780Z] >>> HTTP REQUEST POST https://firebasehosting.googleapis.com/v1beta1/sites/game-of-life23/versions/14a8cbcc108e9523:populateFiles  
 <request body omitted>
[debug] [2018-09-08T05:00:07.980Z] <<< HTTP RESPONSE 200
[debug] [2018-09-08T05:00:08.812Z] >>> HTTP REQUEST POST https://firebasehosting.googleapis.com/v1beta1/sites/game-of-life23/versions/14a8cbcc108e9523:populateFiles  
 <request body omitted>
[debug] [2018-09-08T05:00:09.072Z] <<< HTTP RESPONSE 200
[debug] [2018-09-08T05:00:10.612Z] <<< HTTP RESPONSE 200
[debug] [2018-09-08T05:00:11.451Z] >>> HTTP REQUEST POST https://firebasehosting.googleapis.com/v1beta1/sites/game-of-life23/versions/14a8cbcc108e9523:populateFiles  
 <request body omitted>
[debug] [2018-09-08T05:00:13.176Z] <<< HTTP RESPONSE 200
[debug] [2018-09-08T05:00:13.730Z] >>> HTTP REQUEST POST https://firebasehosting.googleapis.com/v1beta1/sites/game-of-life23/versions/14a8cbcc108e9523:populateFiles  
 <request body omitted>
[debug] [2018-09-08T05:00:15.607Z] <<< HTTP RESPONSE 200
[debug] [2018-09-08T05:00:15.903Z] >>> HTTP REQUEST POST https://firebasehosting.googleapis.com/v1beta1/sites/game-of-life23/versions/14a8cbcc108e9523:populateFiles  
 <request body omitted>
[debug] [2018-09-08T05:00:17.051Z] <<< HTTP RESPONSE 200
[debug] [2018-09-08T05:00:17.187Z] >>> HTTP REQUEST POST https://firebasehosting.googleapis.com/v1beta1/sites/game-of-life23/versions/14a8cbcc108e9523:populateFiles  
 <request body omitted>
[debug] [2018-09-08T05:00:18.622Z] <<< HTTP RESPONSE 200
[debug] [2018-09-08T05:00:19.273Z] >>> HTTP REQUEST POST https://firebasehosting.googleapis.com/v1beta1/sites/game-of-life23/versions/14a8cbcc108e9523:populateFiles  
 <request body omitted>
[debug] [2018-09-08T05:00:20.276Z] <<< HTTP RESPONSE 200
[debug] [2018-09-08T05:00:21.348Z] >>> HTTP REQUEST POST https://firebasehosting.googleapis.com/v1beta1/sites/game-of-life23/versions/14a8cbcc108e9523:populateFiles  
 <request body omitted>
[debug] [2018-09-08T05:00:22.515Z] <<< HTTP RESPONSE 200
[debug] [2018-09-08T05:00:22.843Z] >>> HTTP REQUEST POST https://firebasehosting.googleapis.com/v1beta1/sites/game-of-life23/versions/14a8cbcc108e9523:populateFiles  
 <request body omitted>
[debug] [2018-09-08T05:00:24.211Z] <<< HTTP RESPONSE 200
[debug] [2018-09-08T05:00:24.242Z] >>> HTTP REQUEST POST https://firebasehosting.googleapis.com/v1beta1/sites/game-of-life23/versions/14a8cbcc108e9523:populateFiles  
 <request body omitted>
[debug] [2018-09-08T05:00:25.467Z] >>> HTTP REQUEST POST https://firebasehosting.googleapis.com/v1beta1/sites/game-of-life23/versions/14a8cbcc108e9523:populateFiles  
 <request body omitted>
[debug] [2018-09-08T05:00:25.580Z] <<< HTTP RESPONSE 200
[debug] [2018-09-08T05:00:26.827Z] >>> HTTP REQUEST POST https://firebasehosting.googleapis.com/v1beta1/sites/game-of-life23/versions/14a8cbcc108e9523:populateFiles  
 <request body omitted>
[debug] [2018-09-08T05:00:26.918Z] <<< HTTP RESPONSE 200
[debug] [2018-09-08T05:00:27.976Z] >>> HTTP REQUEST POST https://firebasehosting.googleapis.com/v1beta1/sites/game-of-life23/versions/14a8cbcc108e9523:populateFiles  
 <request body omitted>
[debug] [2018-09-08T05:00:28.102Z] <<< HTTP RESPONSE 200
[debug] [2018-09-08T05:00:29.184Z] <<< HTTP RESPONSE 200
[debug] [2018-09-08T05:00:29.300Z] >>> HTTP REQUEST POST https://firebasehosting.googleapis.com/v1beta1/sites/game-of-life23/versions/14a8cbcc108e9523:populateFiles  
 <request body omitted>
[debug] [2018-09-08T05:00:30.530Z] <<< HTTP RESPONSE 200
[debug] [2018-09-08T05:00:30.545Z] >>> HTTP REQUEST POST https://firebasehosting.googleapis.com/v1beta1/sites/game-of-life23/versions/14a8cbcc108e9523:populateFiles  
 <request body omitted>
[debug] [2018-09-08T05:00:31.716Z] >>> HTTP REQUEST POST https://firebasehosting.googleapis.com/v1beta1/sites/game-of-life23/versions/14a8cbcc108e9523:populateFiles  
 <request body omitted>
[debug] [2018-09-08T05:00:31.958Z] <<< HTTP RESPONSE 200
[debug] [2018-09-08T05:00:33.083Z] <<< HTTP RESPONSE 200
[debug] [2018-09-08T05:00:33.219Z] >>> HTTP REQUEST POST https://firebasehosting.googleapis.com/v1beta1/sites/game-of-life23/versions/14a8cbcc108e9523:populateFiles  
 <request body omitted>
[debug] [2018-09-08T05:00:34.231Z] >>> HTTP REQUEST POST https://firebasehosting.googleapis.com/v1beta1/sites/game-of-life23/versions/14a8cbcc108e9523:populateFiles  
 <request body omitted>
[debug] [2018-09-08T05:00:34.452Z] <<< HTTP RESPONSE 200
[debug] [2018-09-08T05:00:35.348Z] <<< HTTP RESPONSE 200
[debug] [2018-09-08T05:00:35.664Z] >>> HTTP REQUEST POST https://firebasehosting.googleapis.com/v1beta1/sites/game-of-life23/versions/14a8cbcc108e9523:populateFiles  
 <request body omitted>
[debug] [2018-09-08T05:00:36.729Z] >>> HTTP REQUEST POST https://firebasehosting.googleapis.com/v1beta1/sites/game-of-life23/versions/14a8cbcc108e9523:populateFiles  
 <request body omitted>
[debug] [2018-09-08T05:00:36.868Z] <<< HTTP RESPONSE 200
[debug] [2018-09-08T05:00:38.154Z] >>> HTTP REQUEST POST https://firebasehosting.googleapis.com/v1beta1/sites/game-of-life23/versions/14a8cbcc108e9523:populateFiles  
 <request body omitted>
[debug] [2018-09-08T05:00:38.265Z] <<< HTTP RESPONSE 200
[debug] [2018-09-08T05:00:39.400Z] >>> HTTP REQUEST POST https://firebasehosting.googleapis.com/v1beta1/sites/game-of-life23/versions/14a8cbcc108e9523:populateFiles  
 <request body omitted>
[debug] [2018-09-08T05:00:39.664Z] <<< HTTP RESPONSE 200
[debug] [2018-09-08T05:00:40.835Z] <<< HTTP RESPONSE 200
[debug] [2018-09-08T05:00:41.002Z] >>> HTTP REQUEST POST https://firebasehosting.googleapis.com/v1beta1/sites/game-of-life23/versions/14a8cbcc108e9523:populateFiles  
 <request body omitted>
[debug] [2018-09-08T05:00:42.267Z] <<< HTTP RESPONSE 200
[debug] [2018-09-08T05:00:42.914Z] >>> HTTP REQUEST POST https://firebasehosting.googleapis.com/v1beta1/sites/game-of-life23/versions/14a8cbcc108e9523:populateFiles  
 <request body omitted>
[debug] [2018-09-08T05:00:44.443Z] <<< HTTP RESPONSE 200
[debug] [2018-09-08T05:00:44.640Z] >>> HTTP REQUEST POST https://firebasehosting.googleapis.com/v1beta1/sites/game-of-life23/versions/14a8cbcc108e9523:populateFiles  
 <request body omitted>
[debug] [2018-09-08T05:00:46.054Z] <<< HTTP RESPONSE 200
[debug] [2018-09-08T05:00:47.344Z] >>> HTTP REQUEST POST https://firebasehosting.googleapis.com/v1beta1/sites/game-of-life23/versions/14a8cbcc108e9523:populateFiles  
 <request body omitted>
[debug] [2018-09-08T05:00:48.744Z] <<< HTTP RESPONSE 200
[debug] [2018-09-08T05:00:49.166Z] >>> HTTP REQUEST POST https://firebasehosting.googleapis.com/v1beta1/sites/game-of-life23/versions/14a8cbcc108e9523:populateFiles  
 <request body omitted>
[debug] [2018-09-08T05:00:50.638Z] <<< HTTP RESPONSE 200
[debug] [2018-09-08T05:00:50.706Z] >>> HTTP REQUEST POST https://firebasehosting.googleapis.com/v1beta1/sites/game-of-life23/versions/14a8cbcc108e9523:populateFiles  
 <request body omitted>
[debug] [2018-09-08T05:00:52.106Z] <<< HTTP RESPONSE 200
[debug] [2018-09-08T05:00:52.345Z] >>> HTTP REQUEST POST https://firebasehosting.googleapis.com/v1beta1/sites/game-of-life23/versions/14a8cbcc108e9523:populateFiles  
 <request body omitted>
[debug] [2018-09-08T05:00:53.679Z] <<< HTTP RESPONSE 200
[debug] [2018-09-08T05:00:53.939Z] >>> HTTP REQUEST POST https://firebasehosting.googleapis.com/v1beta1/sites/game-of-life23/versions/14a8cbcc108e9523:populateFiles  
 <request body omitted>
[debug] [2018-09-08T05:00:55.543Z] <<< HTTP RESPONSE 200
[debug] [2018-09-08T05:00:55.673Z] >>> HTTP REQUEST POST https://firebasehosting.googleapis.com/v1beta1/sites/game-of-life23/versions/14a8cbcc108e9523:populateFiles  
 <request body omitted>
[debug] [2018-09-08T05:00:57.300Z] <<< HTTP RESPONSE 200
[debug] [2018-09-08T05:00:57.359Z] >>> HTTP REQUEST POST https://firebasehosting.googleapis.com/v1beta1/sites/game-of-life23/versions/14a8cbcc108e9523:populateFiles  
 <request body omitted>
[debug] [2018-09-08T05:00:58.744Z] >>> HTTP REQUEST POST https://firebasehosting.googleapis.com/v1beta1/sites/game-of-life23/versions/14a8cbcc108e9523:populateFiles  
 <request body omitted>
[debug] [2018-09-08T05:00:58.863Z] <<< HTTP RESPONSE 200
[debug] [2018-09-08T05:01:00.271Z] <<< HTTP RESPONSE 200
[debug] [2018-09-08T05:01:00.491Z] >>> HTTP REQUEST POST https://firebasehosting.googleapis.com/v1beta1/sites/game-of-life23/versions/14a8cbcc108e9523:populateFiles  
 <request body omitted>
[debug] [2018-09-08T05:01:01.867Z] <<< HTTP RESPONSE 200
[debug] [2018-09-08T05:01:01.999Z] >>> HTTP REQUEST POST https://firebasehosting.googleapis.com/v1beta1/sites/game-of-life23/versions/14a8cbcc108e9523:populateFiles  
 <request body omitted>
[debug] [2018-09-08T05:01:03.222Z] >>> HTTP REQUEST POST https://firebasehosting.googleapis.com/v1beta1/sites/game-of-life23/versions/14a8cbcc108e9523:populateFiles  
 <request body omitted>
[debug] [2018-09-08T05:01:03.329Z] <<< HTTP RESPONSE 200
[debug] [2018-09-08T05:01:04.424Z] >>> HTTP REQUEST POST https://firebasehosting.googleapis.com/v1beta1/sites/game-of-life23/versions/14a8cbcc108e9523:populateFiles  
 <request body omitted>
[debug] [2018-09-08T05:01:04.553Z] <<< HTTP RESPONSE 200
[debug] [2018-09-08T05:01:05.732Z] <<< HTTP RESPONSE 200
[debug] [2018-09-08T05:01:06.189Z] >>> HTTP REQUEST POST https://firebasehosting.googleapis.com/v1beta1/sites/game-of-life23/versions/14a8cbcc108e9523:populateFiles  
 <request body omitted>
[debug] [2018-09-08T05:01:07.378Z] >>> HTTP REQUEST POST https://firebasehosting.googleapis.com/v1beta1/sites/game-of-life23/versions/14a8cbcc108e9523:populateFiles  
 <request body omitted>
[debug] [2018-09-08T05:01:07.747Z] <<< HTTP RESPONSE 200
[debug] [2018-09-08T05:01:08.629Z] <<< HTTP RESPONSE 200
[debug] [2018-09-08T05:01:08.685Z] >>> HTTP REQUEST POST https://firebasehosting.googleapis.com/v1beta1/sites/game-of-life23/versions/14a8cbcc108e9523:populateFiles  
 <request body omitted>
[debug] [2018-09-08T05:01:09.912Z] >>> HTTP REQUEST POST https://firebasehosting.googleapis.com/v1beta1/sites/game-of-life23/versions/14a8cbcc108e9523:populateFiles  
 <request body omitted>
[debug] [2018-09-08T05:01:10.058Z] <<< HTTP RESPONSE 200
[debug] [2018-09-08T05:01:11.031Z] >>> HTTP REQUEST POST https://firebasehosting.googleapis.com/v1beta1/sites/game-of-life23/versions/14a8cbcc108e9523:populateFiles  
 <request body omitted>
[debug] [2018-09-08T05:01:11.320Z] <<< HTTP RESPONSE 200
[debug] [2018-09-08T05:01:12.244Z] <<< HTTP RESPONSE 200
[debug] [2018-09-08T05:01:12.418Z] >>> HTTP REQUEST POST https://firebasehosting.googleapis.com/v1beta1/sites/game-of-life23/versions/14a8cbcc108e9523:populateFiles  
 <request body omitted>
[debug] [2018-09-08T05:01:13.545Z] >>> HTTP REQUEST POST https://firebasehosting.googleapis.com/v1beta1/sites/game-of-life23/versions/14a8cbcc108e9523:populateFiles  
 <request body omitted>
[debug] [2018-09-08T05:01:13.690Z] <<< HTTP RESPONSE 200
[debug] [2018-09-08T05:01:14.886Z] >>> HTTP REQUEST POST https://firebasehosting.googleapis.com/v1beta1/sites/game-of-life23/versions/14a8cbcc108e9523:populateFiles  
 <request body omitted>
[debug] [2018-09-08T05:01:15.006Z] <<< HTTP RESPONSE 200
[debug] [2018-09-08T05:01:16.259Z] <<< HTTP RESPONSE 200
[debug] [2018-09-08T05:01:16.667Z] >>> HTTP REQUEST POST https://firebasehosting.googleapis.com/v1beta1/sites/game-of-life23/versions/14a8cbcc108e9523:populateFiles  
 <request body omitted>
[debug] [2018-09-08T05:01:18.167Z] >>> HTTP REQUEST POST https://firebasehosting.googleapis.com/v1beta1/sites/game-of-life23/versions/14a8cbcc108e9523:populateFiles  
 <request body omitted>
[debug] [2018-09-08T05:01:18.289Z] <<< HTTP RESPONSE 200
[debug] [2018-09-08T05:01:19.440Z] <<< HTTP RESPONSE 200
[debug] [2018-09-08T05:01:19.477Z] >>> HTTP REQUEST POST https://firebasehosting.googleapis.com/v1beta1/sites/game-of-life23/versions/14a8cbcc108e9523:populateFiles  
 <request body omitted>
[debug] [2018-09-08T05:01:21.112Z] <<< HTTP RESPONSE 200
[debug] [2018-09-08T05:01:21.145Z] >>> HTTP REQUEST POST https://firebasehosting.googleapis.com/v1beta1/sites/game-of-life23/versions/14a8cbcc108e9523:populateFiles  
 <request body omitted>
[debug] [2018-09-08T05:01:22.486Z] >>> HTTP REQUEST POST https://firebasehosting.googleapis.com/v1beta1/sites/game-of-life23/versions/14a8cbcc108e9523:populateFiles  
 <request body omitted>
[debug] [2018-09-08T05:01:22.615Z] <<< HTTP RESPONSE 200
[debug] [2018-09-08T05:01:22.618Z] [hosting][upload]
[debug] [2018-09-08T05:01:22.765Z] [hosting][upload]
[debug] [2018-09-08T05:01:22.792Z] [hosting][upload]
[debug] [2018-09-08T05:01:22.811Z] [hosting][upload]
[debug] [2018-09-08T05:01:22.847Z] [hosting][upload]
[debug] [2018-09-08T05:01:23.000Z] [hosting][upload]
[debug] [2018-09-08T05:01:23.063Z] [hosting][upload]
[debug] [2018-09-08T05:01:23.063Z] [hosting][upload]
[debug] [2018-09-08T05:01:23.869Z] >>> HTTP REQUEST POST https://firebasehosting.googleapis.com/v1beta1/sites/game-of-life23/versions/14a8cbcc108e9523:populateFiles  
 <request body omitted>
[debug] [2018-09-08T05:01:24.000Z] [hosting][upload]
[debug] [2018-09-08T05:01:24.004Z] [hosting][upload]
[debug] [2018-09-08T05:01:24.005Z] [hosting][upload]
[debug] [2018-09-08T05:01:24.012Z] <<< HTTP RESPONSE 200
[debug] [2018-09-08T05:01:25.049Z] >>> HTTP REQUEST POST https://firebasehosting.googleapis.com/v1beta1/sites/game-of-life23/versions/14a8cbcc108e9523:populateFiles  
 <request body omitted>
[debug] [2018-09-08T05:01:25.192Z] <<< HTTP RESPONSE 200
[debug] [2018-09-08T05:01:26.409Z] >>> HTTP REQUEST POST https://firebasehosting.googleapis.com/v1beta1/sites/game-of-life23/versions/14a8cbcc108e9523:populateFiles  
 <request body omitted>
[debug] [2018-09-08T05:01:26.542Z] <<< HTTP RESPONSE 200
[debug] [2018-09-08T05:01:27.678Z] <<< HTTP RESPONSE 200
[debug] [2018-09-08T05:01:27.867Z] >>> HTTP REQUEST POST https://firebasehosting.googleapis.com/v1beta1/sites/game-of-life23/versions/14a8cbcc108e9523:populateFiles  
 <request body omitted>
[debug] [2018-09-08T05:01:29.311Z] <<< HTTP RESPONSE 200
[debug] [2018-09-08T05:01:29.390Z] >>> HTTP REQUEST POST https://firebasehosting.googleapis.com/v1beta1/sites/game-of-life23/versions/14a8cbcc108e9523:populateFiles  
 <request body omitted>
[debug] [2018-09-08T05:01:30.850Z] <<< HTTP RESPONSE 200
[debug] [2018-09-08T05:01:31.523Z] >>> HTTP REQUEST POST https://firebasehosting.googleapis.com/v1beta1/sites/game-of-life23/versions/14a8cbcc108e9523:populateFiles  
 <request body omitted>
[debug] [2018-09-08T05:01:32.980Z] >>> HTTP REQUEST POST https://firebasehosting.googleapis.com/v1beta1/sites/game-of-life23/versions/14a8cbcc108e9523:populateFiles  
 <request body omitted>
[debug] [2018-09-08T05:01:33.162Z] <<< HTTP RESPONSE 200
[debug] [2018-09-08T05:01:34.526Z] <<< HTTP RESPONSE 200
[debug] [2018-09-08T05:01:34.854Z] >>> HTTP REQUEST POST https://firebasehosting.googleapis.com/v1beta1/sites/game-of-life23/versions/14a8cbcc108e9523:populateFiles  
 <request body omitted>
[debug] [2018-09-08T05:01:36.095Z] <<< HTTP RESPONSE 200
[debug] [2018-09-08T05:01:36.190Z] >>> HTTP REQUEST POST https://firebasehosting.googleapis.com/v1beta1/sites/game-of-life23/versions/14a8cbcc108e9523:populateFiles  
 <request body omitted>
[debug] [2018-09-08T05:01:37.907Z] >>> HTTP REQUEST POST https://firebasehosting.googleapis.com/v1beta1/sites/game-of-life23/versions/14a8cbcc108e9523:populateFiles  
 <request body omitted>
[debug] [2018-09-08T05:01:39.198Z] <<< HTTP RESPONSE 200
[debug] [2018-09-08T05:01:39.207Z] <<< HTTP RESPONSE 200
[debug] [2018-09-08T05:01:39.467Z] >>> HTTP REQUEST POST https://firebasehosting.googleapis.com/v1beta1/sites/game-of-life23/versions/14a8cbcc108e9523:populateFiles  
 <request body omitted>
[debug] [2018-09-08T05:01:40.722Z] <<< HTTP RESPONSE 200
[debug] [2018-09-08T05:01:41.602Z] >>> HTTP REQUEST POST https://firebasehosting.googleapis.com/v1beta1/sites/game-of-life23/versions/14a8cbcc108e9523:populateFiles  
 <request body omitted>
[debug] [2018-09-08T05:01:43.664Z] >>> HTTP REQUEST POST https://firebasehosting.googleapis.com/v1beta1/sites/game-of-life23/versions/14a8cbcc108e9523:populateFiles  
 <request body omitted>
[debug] [2018-09-08T05:01:44.218Z] <<< HTTP RESPONSE 200
[debug] [2018-09-08T05:01:46.224Z] [hosting][upload]
[debug] [2018-09-08T05:01:46.741Z] >>> HTTP REQUEST POST https://firebasehosting.googleapis.com/v1beta1/sites/game-of-life23/versions/14a8cbcc108e9523:populateFiles  
 <request body omitted>
[debug] [2018-09-08T05:01:47.823Z] <<< HTTP RESPONSE 200
[debug] [2018-09-08T05:01:48.820Z] >>> HTTP REQUEST POST https://firebasehosting.googleapis.com/v1beta1/sites/game-of-life23/versions/14a8cbcc108e9523:populateFiles  
 <request body omitted>
[debug] [2018-09-08T05:01:49.511Z] [hosting][upload]
[debug] [2018-09-08T05:01:49.818Z] [hosting][upload]
[debug] [2018-09-08T05:01:50.480Z] <<< HTTP RESPONSE 200
[debug] [2018-09-08T05:01:50.768Z] [hosting][upload]
[debug] [2018-09-08T05:01:51.240Z] [hosting][upload]
[debug] [2018-09-08T05:01:52.214Z] [hosting][upload]
[debug] [2018-09-08T05:01:52.226Z] >>> HTTP REQUEST POST https://firebasehosting.googleapis.com/v1beta1/sites/game-of-life23/versions/14a8cbcc108e9523:populateFiles  
 <request body omitted>
[debug] [2018-09-08T05:01:53.045Z] <<< HTTP RESPONSE 200
[debug] [2018-09-08T05:01:53.071Z] [hosting][upload]
[debug] [2018-09-08T05:01:53.792Z] [hosting][upload]
[debug] [2018-09-08T05:01:54.866Z] [hosting][upload]
[debug] [2018-09-08T05:01:55.493Z] [hosting][upload]
[debug] [2018-09-08T05:01:56.351Z] <<< HTTP RESPONSE 200
[debug] [2018-09-08T05:01:56.357Z] >>> HTTP REQUEST POST https://firebasehosting.googleapis.com/v1beta1/sites/game-of-life23/versions/14a8cbcc108e9523:populateFiles  
 <request body omitted>
[debug] [2018-09-08T05:01:56.611Z] [hosting][upload]
[debug] [2018-09-08T05:01:57.129Z] [hosting][upload]
[debug] [2018-09-08T05:01:58.056Z] [hosting][upload]
[debug] [2018-09-08T05:01:58.782Z] [hosting][upload]
[debug] [2018-09-08T05:01:59.528Z] [hosting][upload]
[debug] [2018-09-08T05:02:00.445Z] [hosting][upload]
[debug] [2018-09-08T05:02:00.584Z] >>> HTTP REQUEST POST https://firebasehosting.googleapis.com/v1beta1/sites/game-of-life23/versions/14a8cbcc108e9523:populateFiles  
 <request body omitted>
[debug] [2018-09-08T05:02:01.128Z] [hosting][upload]
[debug] [2018-09-08T05:02:01.145Z] <<< HTTP RESPONSE 200
[debug] [2018-09-08T05:02:02.081Z] [hosting][upload]
[debug] [2018-09-08T05:02:02.556Z] [hosting][upload]
[debug] [2018-09-08T05:02:03.547Z] [hosting][upload]
[debug] [2018-09-08T05:02:04.193Z] [hosting][upload]
[debug] [2018-09-08T05:02:04.351Z] >>> HTTP REQUEST POST https://firebasehosting.googleapis.com/v1beta1/sites/game-of-life23/versions/14a8cbcc108e9523:populateFiles  
 <request body omitted>
[debug] [2018-09-08T05:02:04.878Z] [hosting][upload]
[debug] [2018-09-08T05:02:05.555Z] <<< HTTP RESPONSE 200
[debug] [2018-09-08T05:02:05.850Z] [hosting][upload]
[debug] [2018-09-08T05:02:06.644Z] [hosting][upload]
[debug] [2018-09-08T05:02:07.105Z] [hosting][upload]
[debug] [2018-09-08T05:02:08.108Z] <<< HTTP RESPONSE 200
[debug] [2018-09-08T05:02:08.110Z] [hosting][upload]
[debug] [2018-09-08T05:02:08.786Z] [hosting][upload]
[debug] [2018-09-08T05:02:08.798Z] >>> HTTP REQUEST POST https://firebasehosting.googleapis.com/v1beta1/sites/game-of-life23/versions/14a8cbcc108e9523:populateFiles  
 <request body omitted>
[debug] [2018-09-08T05:02:09.590Z] [hosting][upload]
[debug] [2018-09-08T05:02:10.367Z] [hosting][upload]
[debug] [2018-09-08T05:02:11.097Z] [hosting][upload]
[debug] [2018-09-08T05:02:12.058Z] [hosting][upload]
[debug] [2018-09-08T05:02:12.840Z] [hosting][upload]
[debug] [2018-09-08T05:02:12.854Z] <<< HTTP RESPONSE 200
[debug] [2018-09-08T05:02:13.052Z] >>> HTTP REQUEST POST https://firebasehosting.googleapis.com/v1beta1/sites/game-of-life23/versions/14a8cbcc108e9523:populateFiles  
 <request body omitted>
[debug] [2018-09-08T05:02:13.379Z] [hosting][upload]
[debug] [2018-09-08T05:02:14.263Z] [hosting][upload]
[debug] [2018-09-08T05:02:14.830Z] [hosting][upload]
[debug] [2018-09-08T05:02:15.647Z] [hosting][upload]
[debug] [2018-09-08T05:02:15.960Z] <<< HTTP RESPONSE 200
[debug] [2018-09-08T05:02:16.588Z] [hosting][upload]
[debug] [2018-09-08T05:02:17.055Z] >>> HTTP REQUEST POST https://firebasehosting.googleapis.com/v1beta1/sites/game-of-life23/versions/14a8cbcc108e9523:populateFiles  
 <request body omitted>
[debug] [2018-09-08T05:02:17.376Z] [hosting][upload]
[debug] [2018-09-08T05:02:18.093Z] [hosting][upload]
[debug] [2018-09-08T05:02:18.986Z] [hosting][upload]
[debug] [2018-09-08T05:02:19.485Z] [hosting][upload]
[debug] [2018-09-08T05:02:19.533Z] <<< HTTP RESPONSE 200
[debug] [2018-09-08T05:02:20.695Z] [hosting][upload]
[debug] [2018-09-08T05:02:21.522Z] [hosting][upload]
[debug] [2018-09-08T05:02:21.898Z] >>> HTTP REQUEST POST https://firebasehosting.googleapis.com/v1beta1/sites/game-of-life23/versions/14a8cbcc108e9523:populateFiles  
 <request body omitted>
[debug] [2018-09-08T05:02:22.282Z] [hosting][upload]
[debug] [2018-09-08T05:02:23.077Z] [hosting][upload]
[debug] [2018-09-08T05:02:23.904Z] [hosting][upload]
[debug] [2018-09-08T05:02:24.125Z] <<< HTTP RESPONSE 200
[debug] [2018-09-08T05:02:24.719Z] [hosting][upload]
[debug] [2018-09-08T05:02:25.746Z] [hosting][upload]
[debug] [2018-09-08T05:02:26.500Z] [hosting][upload]
[debug] [2018-09-08T05:02:27.121Z] >>> HTTP REQUEST POST https://firebasehosting.googleapis.com/v1beta1/sites/game-of-life23/versions/14a8cbcc108e9523:populateFiles  
 <request body omitted>
[debug] [2018-09-08T05:02:27.261Z] [hosting][upload]
[debug] [2018-09-08T05:02:28.221Z] [hosting][upload]
[debug] [2018-09-08T05:02:28.737Z] <<< HTTP RESPONSE 200
[debug] [2018-09-08T05:02:29.060Z] [hosting][upload]
[debug] [2018-09-08T05:02:30.005Z] [hosting][upload]
[debug] [2018-09-08T05:02:30.447Z] [hosting][upload]
[debug] [2018-09-08T05:02:31.150Z] >>> HTTP REQUEST POST https://firebasehosting.googleapis.com/v1beta1/sites/game-of-life23/versions/14a8cbcc108e9523:populateFiles  
 <request body omitted>
[debug] [2018-09-08T05:02:31.584Z] [hosting][upload]
[debug] [2018-09-08T05:02:32.207Z] [hosting][upload]
[debug] [2018-09-08T05:02:33.105Z] <<< HTTP RESPONSE 200
[debug] [2018-09-08T05:02:33.257Z] [hosting][upload]
[debug] [2018-09-08T05:02:34.026Z] [hosting][upload]
[debug] [2018-09-08T05:02:34.959Z] [hosting][upload]
[debug] [2018-09-08T05:02:35.843Z] [hosting][upload]
[debug] [2018-09-08T05:02:36.817Z] [hosting][upload]
[debug] [2018-09-08T05:02:37.210Z] >>> HTTP REQUEST POST https://firebasehosting.googleapis.com/v1beta1/sites/game-of-life23/versions/14a8cbcc108e9523:populateFiles  
 <request body omitted>
[debug] [2018-09-08T05:02:37.521Z] [hosting][upload]
[debug] [2018-09-08T05:02:38.155Z] [hosting][upload]
[debug] [2018-09-08T05:02:38.512Z] <<< HTTP RESPONSE 200
[debug] [2018-09-08T05:02:39.107Z] [hosting][upload]
[debug] [2018-09-08T05:02:39.887Z] [hosting][upload]
[debug] [2018-09-08T05:02:40.452Z] [hosting][upload]
[debug] [2018-09-08T05:02:41.298Z] >>> HTTP REQUEST POST https://firebasehosting.googleapis.com/v1beta1/sites/game-of-life23/versions/14a8cbcc108e9523:populateFiles  
 <request body omitted>
[debug] [2018-09-08T05:02:41.547Z] [hosting][upload]
[debug] [2018-09-08T05:02:41.961Z] [hosting][upload]
[debug] [2018-09-08T05:02:43.058Z] [hosting][upload]
[debug] [2018-09-08T05:02:43.179Z] <<< HTTP RESPONSE 200
[debug] [2018-09-08T05:02:43.786Z] [hosting][upload]
[debug] [2018-09-08T05:02:44.514Z] [hosting][upload]
[debug] [2018-09-08T05:02:45.645Z] [hosting][upload]
[debug] [2018-09-08T05:02:45.863Z] >>> HTTP REQUEST POST https://firebasehosting.googleapis.com/v1beta1/sites/game-of-life23/versions/14a8cbcc108e9523:populateFiles  
 <request body omitted>
[debug] [2018-09-08T05:02:46.130Z] [hosting][upload]
[debug] [2018-09-08T05:02:47.436Z] [hosting][upload]
[debug] [2018-09-08T05:02:47.889Z] [hosting][upload]
[debug] [2018-09-08T05:02:48.875Z] [hosting][upload]
[debug] [2018-09-08T05:02:49.443Z] [hosting][upload]
[debug] [2018-09-08T05:02:49.794Z] >>> HTTP REQUEST POST https://firebasehosting.googleapis.com/v1beta1/sites/game-of-life23/versions/14a8cbcc108e9523:populateFiles  
 <request body omitted>
[debug] [2018-09-08T05:02:49.811Z] <<< HTTP RESPONSE 200
[debug] [2018-09-08T05:02:50.420Z] [hosting][upload]
[debug] [2018-09-08T05:02:51.234Z] [hosting] hash cache [] stored for 111246 files
[debug] [2018-09-08T05:02:51.235Z] [hosting][hash queue][FINAL]
[debug] [2018-09-08T05:02:51.236Z] >>> HTTP REQUEST POST https://firebasehosting.googleapis.com/v1beta1/sites/game-of-life23/versions/14a8cbcc108e9523:populateFiles  
 <request body omitted>
[debug] [2018-09-08T05:02:51.423Z] [hosting][upload]
[debug] [2018-09-08T05:02:52.233Z] [hosting][upload]
[debug] [2018-09-08T05:02:52.695Z] [hosting][upload]
[debug] [2018-09-08T05:02:52.869Z] <<< HTTP RESPONSE 200
[debug] [2018-09-08T05:02:53.193Z] <<< HTTP RESPONSE 200
[debug] [2018-09-08T05:02:53.195Z] [hosting][populate queue][FINAL]
[debug] [2018-09-08T05:02:53.195Z] [hosting] uploads queued: 17640
[debug] [2018-09-08T05:02:53.429Z] [hosting][upload]
[debug] [2018-09-08T05:02:53.988Z] [hosting][upload]
[debug] [2018-09-08T05:02:54.748Z] [hosting][upload]
[debug] [2018-09-08T05:02:55.371Z] [hosting][upload]
[debug] [2018-09-08T05:02:56.028Z] [hosting][upload]
[debug] [2018-09-08T05:02:56.628Z] [hosting][upload]
[debug] [2018-09-08T05:02:57.261Z] [hosting][upload]
[debug] [2018-09-08T05:02:58.009Z] [hosting][upload]
[debug] [2018-09-08T05:02:58.595Z] [hosting][upload]
[debug] [2018-09-08T05:02:59.328Z] [hosting][upload]
[debug] [2018-09-08T05:02:59.963Z] [hosting][upload]
[debug] [2018-09-08T05:03:00.616Z] [hosting][upload]
[debug] [2018-09-08T05:03:01.300Z] [hosting][upload]
[debug] [2018-09-08T05:03:01.924Z] [hosting][upload]
[debug] [2018-09-08T05:03:02.624Z] [hosting][upload]
[debug] [2018-09-08T05:03:03.269Z] [hosting][upload]
[debug] [2018-09-08T05:03:03.970Z] [hosting][upload]
[debug] [2018-09-08T05:03:04.624Z] [hosting][upload]
[debug] [2018-09-08T05:03:05.238Z] [hosting][upload]
[debug] [2018-09-08T05:03:05.934Z] [hosting][upload]
[debug] [2018-09-08T05:03:07.815Z] [hosting][upload queue][FINAL]
[info] ✔  hosting[game-of-life23]: file upload complete
[debug] [2018-09-08T05:03:07.817Z] [hosting] deploy completed after 293703ms
[info] i  database: releasing rules...
[debug] [2018-09-08T05:03:08.006Z] >>> HTTP REQUEST PUT https://game-of-life23.firebaseio.com/.settings/rules.json  
 {
  "rules": {
    ".read": "auth != null",
    ".write": "auth != null"
  }
}
[debug] [2018-09-08T05:03:08.719Z] <<< HTTP RESPONSE 200
[info] ✔  database: rules for database game-of-life23 released successfully
[debug] [2018-09-08T05:03:08.720Z] [
  {
    "config": {
      "public": "/",
      "rewrites": [
        {
          "source": "**",
          "destination": "/index.html"
        }
      ],
      "site": "game-of-life23"
    },
    "site": "game-of-life23",
    "version": "sites/game-of-life23/versions/14a8cbcc108e9523"
  }
]
[info] i  hosting[game-of-life23]: finalizing version...
[debug] [2018-09-08T05:03:08.721Z] >>> HTTP REQUEST PATCH https://firebasehosting.googleapis.com/v1beta1/sites/game-of-life23/versions/14a8cbcc108e9523?updateMask=status  

[debug] [2018-09-08T05:03:09.830Z] <<< HTTP RESPONSE 200
[debug] [2018-09-08T05:03:09.830Z] [hosting] finalized version for game-of-life23:
[info] ✔  hosting[game-of-life23]: version finalized
[info] i  hosting[game-of-life23]: releasing new version...
[debug] [2018-09-08T05:03:09.831Z] >>> HTTP REQUEST POST https://firebasehosting.googleapis.com/v1beta1/sites/game-of-life23/releases?version_name=sites/game-of-life23/versions/14a8cbcc108e9523  

[debug] [2018-09-08T05:03:10.256Z] <<< HTTP RESPONSE 200
[debug] [2018-09-08T05:03:10.257Z] [hosting] release:
[info] ✔  hosting[game-of-life23]: release complete
[info] 
[info] ✔  Deploy complete!
[info] 
[info] Project Console: https://console.firebase.google.com/project/game-of-life23/overview
[info] Hosting URL: https://game-of-life23.firebaseapp.com
